<?xml version="1.0" encoding="UTF-8"?>
<testng-results ignored="0" total="1" passed="1" failed="0" skipped="0">
  <reporter-output>
    <line>
      <![CDATA[Verifyied by Aakanksha]]>
    </line>
  </reporter-output>
  <suite started-at="2023-06-30T18:01:59 IST" name="Default suite" finished-at="2023-06-30T18:02:40 IST" duration-ms="41364">
    <groups>
    </groups>
    <test started-at="2023-06-30T18:01:59 IST" name="Default test" finished-at="2023-06-30T18:02:40 IST" duration-ms="41364">
      <class name="PBTestClass.PBLogInTestClass">
        <test-method is-config="true" signature="openBrowser()[pri:0, instance:PBTestClass.PBLogInTestClass@1c7696c6]" started-at="2023-06-30T18:01:59 IST" name="openBrowser" finished-at="2023-06-30T18:02:16 IST" duration-ms="16578" status="PASS">
          <reporter-output>
          </reporter-output>
        </test-method> <!-- openBrowser -->
        <test-method is-config="true" signature="login()[pri:0, instance:PBTestClass.PBLogInTestClass@1c7696c6]" started-at="2023-06-30T18:02:16 IST" name="login" finished-at="2023-06-30T18:02:27 IST" duration-ms="11705" status="PASS">
          <reporter-output>
          </reporter-output>
        </test-method> <!-- login -->
        <test-method signature="verify()[pri:0, instance:PBTestClass.PBLogInTestClass@1c7696c6]" started-at="2023-06-30T18:02:27 IST" name="verify" finished-at="2023-06-30T18:02:38 IST" duration-ms="10638" status="PASS">
          <reporter-output>
            <line>
              <![CDATA[Verifyied by Aakanksha]]>
            </line>
          </reporter-output>
        </test-method> <!-- verify -->
        <test-method is-config="true" signature="logout()[pri:0, instance:PBTestClass.PBLogInTestClass@1c7696c6]" started-at="2023-06-30T18:02:38 IST" name="logout" finished-at="2023-06-30T18:02:40 IST" duration-ms="2379" status="PASS">
          <reporter-output>
          </reporter-output>
        </test-method> <!-- logout -->
        <test-method is-config="true" signature="faildTCSS(org.testng.ITestResult)[pri:0, instance:PBTestClass.PBLogInTestClass@1c7696c6]" started-at="2023-06-30T18:02:38 IST" name="faildTCSS" finished-at="2023-06-30T18:02:38 IST" duration-ms="0" status="PASS">
          <params>
            <param index="0">
              <value>
                <![CDATA[[TestResult name=verify status=SUCCESS method=PBLogInTestClass.verify()[pri:0, instance:PBTestClass.PBLogInTestClass@1c7696c6] output=Verifyied by Aakanksha]]]>
              </value>
            </param>
          </params>
          <reporter-output>
          </reporter-output>
        </test-method> <!-- faildTCSS -->
      </class> <!-- PBTestClass.PBLogInTestClass -->
    </test> <!-- Default test -->
  </suite> <!-- Default suite -->
</testng-results>
